\BOOKMARK [0][-]{chapter.1}{\376\377\000I\000n\000t\000r\000o\000d\000u\000z\000i\000o\000n\000e}{}% 1
\BOOKMARK [1][-]{section.1.1}{\376\377\000C\000o\000n\000t\000e\000s\000t\000o}{chapter.1}% 2
\BOOKMARK [1][-]{section.1.2}{\376\377\000O\000b\000i\000e\000t\000t\000i\000v\000i}{chapter.1}% 3
\BOOKMARK [0][-]{chapter.2}{\376\377\000R\000e\000v\000i\000e\000w\000\040\000t\000e\000c\000n\000o\000l\000o\000g\000i\000c\000a}{}% 4
\BOOKMARK [1][-]{section.2.1}{\376\377\000N\000G\000S\000I\000-\000L\000D}{chapter.2}% 5
\BOOKMARK [1][-]{section.2.2}{\376\377\000D\000o\000c\000k\000e\000r}{chapter.2}% 6
\BOOKMARK [1][-]{section.2.3}{\376\377\000M\000o\000n\000g\000o\000D\000B}{chapter.2}% 7
\BOOKMARK [1][-]{section.2.4}{\376\377\000I\000o\000T\000\040\000A\000g\000e\000n\000t}{chapter.2}% 8
\BOOKMARK [1][-]{section.2.5}{\376\377\000C\000o\000n\000t\000e\000x\000t\000\040\000B\000r\000o\000k\000e\000r\000:\000\040\000O\000r\000i\000o\000n}{chapter.2}% 9
\BOOKMARK [0][-]{chapter.3}{\376\377\000S\000t\000u\000d\000i\000o\000\040\000d\000i\000\040\000f\000a\000t\000t\000i\000b\000i\000l\000i\000t\000\340}{}% 10
\BOOKMARK [1][-]{section.3.1}{\376\377\000A\000r\000c\000h\000i\000t\000e\000t\000t\000u\000r\000a\000\040\000l\000o\000g\000i\000c\000a}{chapter.3}% 11
\BOOKMARK [1][-]{section.3.2}{\376\377\000A\000r\000c\000h\000i\000t\000e\000t\000t\000u\000r\000a\000\040\000f\000i\000s\000i\000c\000a}{chapter.3}% 12
\BOOKMARK [0][-]{chapter.4}{\376\377\000P\000r\000o\000g\000e\000t\000t\000a\000z\000i\000o\000n\000e}{}% 13
\BOOKMARK [1][-]{section.4.1}{\376\377\000D\000a\000t\000a\000\040\000m\000o\000d\000e\000l\000s}{chapter.4}% 14
\BOOKMARK [1][-]{section.4.2}{\376\377\000P\000O\000S\000T\000\040\000r\000e\000q\000u\000e\000s\000t}{chapter.4}% 15
\BOOKMARK [0][-]{chapter.5}{\376\377\000S\000v\000i\000l\000u\000p\000p\000o}{}% 16
\BOOKMARK [1][-]{section.5.1}{\376\377\000P\000y\000t\000h\000o\000n}{chapter.5}% 17
\BOOKMARK [1][-]{section.5.2}{\376\377\000F\000l\000a\000s\000k}{chapter.5}% 18
\BOOKMARK [1][-]{section.5.3}{\376\377\000G\000U\000I}{chapter.5}% 19
\BOOKMARK [0][-]{chapter.6}{\376\377\000C\000o\000n\000c\000l\000u\000s\000i\000o\000n\000i}{}% 20
